<?xml version="1.0" encoding="UTF-8"?>
<!-- Generated by org.testng.reporters.JUnitReportReporter -->
<testsuite hostname="DESKTOP-VFA3M3H" failures="0" tests="5" name="TechVerito.TestNGRunner.TestNGRunner" time="45.409" errors="0" timestamp="2024-05-09T08:43:45 IST" skipped="0">
  <testcase classname="TechVerito.TestNGRunner.TestNGRunner" name="runScenario" time="9.690"/>
  <system-out/>
  <testcase classname="TechVerito.TestNGRunner.TestNGRunner" name="runScenario" time="8.281"/>
  <system-out/>
  <testcase classname="TechVerito.TestNGRunner.TestNGRunner" name="runScenario" time="8.271"/>
  <system-out/>
  <testcase classname="TechVerito.TestNGRunner.TestNGRunner" name="runScenario" time="7.940"/>
  <system-out/>
  <testcase classname="TechVerito.TestNGRunner.TestNGRunner" name="runScenario" time="11.227"/>
  <system-out/>
</testsuite> <!-- TechVerito.TestNGRunner.TestNGRunner -->
