<?xml version="1.0" encoding="UTF-8"?>
<!-- Generated by org.testng.reporters.JUnitReportReporter -->
<testsuite hostname="DESKTOP-VFA3M3H" failures="0" tests="1" name="TechVerito.Tests.SubmitOrder" time="18.299" errors="0" timestamp="2024-05-08T10:30:28 IST" skipped="0">
  <testcase classname="TechVerito.Tests.SubmitOrder" name="Demo" time="18.299"/>
  <system-out/>
</testsuite> <!-- TechVerito.Tests.SubmitOrder -->
