<?xml version="1.0" encoding="UTF-8"?>
<!-- Generated by org.testng.reporters.JUnitReportReporter -->
<testsuite hostname="DESKTOP-VFA3M3H" failures="0" tests="5" name="TechVerito.Cucumber.TestNGRunner" time="98.137" errors="0" timestamp="2024-05-09T08:36:06 IST" skipped="0">
  <testcase classname="TechVerito.Cucumber.TestNGRunner" name="runScenario" time="20.255"/>
  <system-out/>
  <testcase classname="TechVerito.Cucumber.TestNGRunner" name="runScenario" time="20.977"/>
  <system-out/>
  <testcase classname="TechVerito.Cucumber.TestNGRunner" name="runScenario" time="20.650"/>
  <system-out/>
  <testcase classname="TechVerito.Cucumber.TestNGRunner" name="runScenario" time="16.659"/>
  <system-out/>
  <testcase classname="TechVerito.Cucumber.TestNGRunner" name="runScenario" time="19.596"/>
  <system-out/>
</testsuite> <!-- TechVerito.Cucumber.TestNGRunner -->
